2023-02-05 01:02:02 | [INFO]    | Discordia 2.11.2
2023-02-05 01:02:02 | [INFO]    | Connecting to Discord...
2023-02-05 01:02:02 | [INFO]    | Authenticated as 나레이션#2823
2023-02-05 01:02:03 | [INFO]    | Launching shard 0 (1 out of 1)...
2023-02-05 01:02:03 | [INFO]    | Shard 0 : Connected to wss://gateway.discord.gg
2023-02-05 01:02:03 | [INFO]    | Shard 0 : Received HELLO
2023-02-05 01:02:04 | [INFO]    | Shard 0 : Received READY
2023-02-05 01:02:04 | [WARNING] | C:\Users\makpu\Downloads\Projects\Lua\Discordbot\main.lua:8: Client.setGame is deprecated; use Client.setActivity instead
2023-02-05 01:27:31 | [INFO]    | Discordia 2.11.2
2023-02-05 01:27:31 | [INFO]    | Connecting to Discord...
2023-02-05 01:27:31 | [INFO]    | Authenticated as 나레이션#2823
2023-02-05 01:27:31 | [INFO]    | Launching shard 0 (1 out of 1)...
2023-02-05 01:27:32 | [INFO]    | Shard 0 : Connected to wss://gateway.discord.gg
2023-02-05 01:27:32 | [INFO]    | Shard 0 : Received HELLO
2023-02-05 01:27:32 | [INFO]    | Shard 0 : Received READY
2023-02-05 01:27:32 | [WARNING] | ...loads\projects\Personal-Projects\Lua\Discordbot\main.lua:8: Client.setGame is deprecated; use Client.setActivity instead
2023-04-18 10:46:39 | [INFO]    | Discordia 2.11.2
2023-04-18 10:46:39 | [INFO]    | Connecting to Discord...
2023-04-18 10:46:39 | [INFO]    | Authenticated as 나레이션#2823
2023-04-18 10:46:40 | [INFO]    | Launching shard 0 (1 out of 1)...
2023-04-18 10:46:40 | [INFO]    | Shard 0 : Connected to wss://gateway.discord.gg
2023-04-18 10:46:40 | [INFO]    | Shard 0 : Received HELLO
2023-04-18 10:46:40 | [INFO]    | Shard 0 : Received READY
2023-04-18 10:46:40 | [WARNING] | ...ers\makpu\Downloads\proj\project\Lua\Discordbot\main.lua:8: Client.setGame is deprecated; use Client.setActivity instead
2023-04-18 10:47:21 | [INFO]    | Discordia 2.11.2
2023-04-18 10:47:21 | [INFO]    | Connecting to Discord...
2023-04-18 10:47:21 | [INFO]    | Authenticated as 나레이션#2823
2023-04-18 10:47:21 | [INFO]    | Launching shard 0 (1 out of 1)...
2023-04-18 10:47:21 | [INFO]    | Shard 0 : Connected to wss://gateway.discord.gg
2023-04-18 10:47:21 | [INFO]    | Shard 0 : Received HELLO
2023-04-18 10:47:22 | [INFO]    | Shard 0 : Received READY
2023-04-18 10:47:22 | [WARNING] | ...ers\makpu\Downloads\proj\project\Lua\Discordbot\main.lua:8: Client.setGame is deprecated; use Client.setActivity instead
2023-04-18 10:48:15 | [INFO]    | Discordia 2.11.2
2023-04-18 10:48:15 | [INFO]    | Connecting to Discord...
2023-04-18 10:48:15 | [INFO]    | Authenticated as 나레이션#2823
2023-04-18 10:48:15 | [INFO]    | Launching shard 0 (1 out of 1)...
2023-04-18 10:48:16 | [INFO]    | Shard 0 : Connected to wss://gateway.discord.gg
2023-04-18 10:48:16 | [INFO]    | Shard 0 : Received HELLO
2023-04-18 10:48:16 | [INFO]    | Shard 0 : Received READY
2023-04-18 10:48:16 | [WARNING] | ...ers\makpu\Downloads\proj\project\Lua\Discordbot\main.lua:8: Client.setGame is deprecated; use Client.setActivity instead
2023-04-18 10:50:11 | [INFO]    | Discordia 2.11.2
2023-04-18 10:50:11 | [INFO]    | Connecting to Discord...
2023-04-18 10:50:12 | [INFO]    | Authenticated as 나레이션#2823
2023-04-18 10:50:12 | [INFO]    | Launching shard 0 (1 out of 1)...
2023-04-18 10:50:12 | [INFO]    | Shard 0 : Connected to wss://gateway.discord.gg
2023-04-18 10:50:12 | [INFO]    | Shard 0 : Received HELLO
2023-04-18 10:50:13 | [INFO]    | Shard 0 : Received READY
2023-04-18 10:50:13 | [WARNING] | ...ers\makpu\Downloads\proj\project\Lua\Discordbot\main.lua:8: Client.setGame is deprecated; use Client.setActivity instead
2023-04-18 10:50:21 | [INFO]    | Discordia 2.11.2
2023-04-18 10:50:21 | [INFO]    | Connecting to Discord...
2023-04-18 10:50:21 | [INFO]    | Authenticated as 나레이션#2823
2023-04-18 10:50:21 | [INFO]    | Launching shard 0 (1 out of 1)...
2023-04-18 10:50:21 | [INFO]    | Shard 0 : Connected to wss://gateway.discord.gg
2023-04-18 10:50:21 | [INFO]    | Shard 0 : Received HELLO
2023-04-18 10:50:22 | [INFO]    | Shard 0 : Received READY
2023-04-18 10:50:22 | [WARNING] | ...ers\makpu\Downloads\proj\project\Lua\Discordbot\main.lua:8: Client.setGame is deprecated; use Client.setActivity instead
2023-04-19 14:50:45 | [INFO]    | Discordia 2.11.2
2023-04-19 14:50:45 | [INFO]    | Connecting to Discord...
2023-04-19 14:50:46 | [INFO]    | Authenticated as 나레이션#2823
2023-04-19 14:50:47 | [INFO]    | Launching shard 0 (1 out of 1)...
2023-04-19 14:50:47 | [INFO]    | Shard 0 : Connected to wss://gateway.discord.gg
2023-04-19 14:50:47 | [INFO]    | Shard 0 : Received HELLO
2023-04-19 14:50:48 | [INFO]    | Shard 0 : Received READY
2023-04-19 14:50:48 | [WARNING] | ...ers\makpu\Downloads\proj\project\Lua\Discordbot\main.lua:8: Client.setGame is deprecated; use Client.setActivity instead
2023-04-19 14:50:51 | [INFO]    | Discordia 2.11.2
2023-04-19 14:50:51 | [INFO]    | Connecting to Discord...
2023-04-19 14:50:51 | [ERROR]   | Could not authenticate, check token: ...ownloads/proj/project/Lua/Discordbot/deps/http-codec.lua:256: chunk-size field too large
2023-04-19 14:51:00 | [INFO]    | Discordia 2.11.2
2023-04-19 14:51:00 | [INFO]    | Connecting to Discord...
2023-04-19 14:51:01 | [INFO]    | Authenticated as 나레이션#2823
2023-04-19 14:51:01 | [INFO]    | Launching shard 0 (1 out of 1)...
2023-04-19 14:51:01 | [INFO]    | Shard 0 : Connected to wss://gateway.discord.gg
2023-04-19 14:51:01 | [INFO]    | Shard 0 : Received HELLO
2023-04-19 14:51:02 | [INFO]    | Shard 0 : Received READY
2023-04-19 14:51:02 | [WARNING] | ...ers\makpu\Downloads\proj\project\Lua\Discordbot\main.lua:8: Client.setGame is deprecated; use Client.setActivity instead
2023-05-14 13:39:05 | [INFO]    | Discordia 2.11.2
2023-05-14 13:39:05 | [INFO]    | Connecting to Discord...
2023-05-14 13:39:05 | [INFO]    | Authenticated as 나레이션#2823
2023-05-14 13:39:05 | [INFO]    | Launching shard 0 (1 out of 1)...
2023-05-14 13:39:06 | [INFO]    | Shard 0 : Connected to wss://gateway.discord.gg
2023-05-14 13:39:06 | [INFO]    | Shard 0 : Received HELLO
2023-05-14 13:39:06 | [INFO]    | Shard 0 : Received READY
2023-05-14 13:39:06 | [WARNING] | ...rs\makpu\Downloads\proj\Projects\Lua\Discordbot\main.lua:8: Client.setGame is deprecated; use Client.setActivity instead
